\BOOKMARK [1][-]{section.1}{A. Richard's Tax Evasion}{}% 1
\BOOKMARK [2][-]{subsection.1.1}{Example}{section.1}% 2
\BOOKMARK [2][-]{subsection.1.2}{Analysis}{section.1}% 3
\BOOKMARK [2][-]{subsection.1.3}{Implementation}{section.1}% 4
\BOOKMARK [1][-]{section.2}{B. Mario's Exploration}{}% 5
\BOOKMARK [2][-]{subsection.2.1}{Example}{section.2}% 6
\BOOKMARK [2][-]{subsection.2.2}{Analysis}{section.2}% 7
\BOOKMARK [2][-]{subsection.2.3}{Implementation}{section.2}% 8
\BOOKMARK [1][-]{section.3}{C. Problem With Short Statement Part 1}{}% 9
\BOOKMARK [2][-]{subsection.3.1}{Analysis}{section.3}% 10
\BOOKMARK [1][-]{section.4}{D. Problem With Short Statement Part 2}{}% 11
\BOOKMARK [2][-]{subsection.4.1}{Analysis}{section.4}% 12
\BOOKMARK [1][-]{section.5}{E. Napsack Queries}{}% 13
\BOOKMARK [2][-]{subsection.5.1}{Analysis}{section.5}% 14
\BOOKMARK [2][-]{subsection.5.2}{Implementation}{section.5}% 15
\BOOKMARK [1][-]{section.6}{F. Word Problems}{}% 16
\BOOKMARK [2][-]{subsection.6.1}{Analysis}{section.6}% 17
\BOOKMARK [2][-]{subsection.6.2}{Implementation}{section.6}% 18
\BOOKMARK [1][-]{section.7}{G. ConnectN}{}% 19
\BOOKMARK [2][-]{subsection.7.1}{Analysis}{section.7}% 20
\BOOKMARK [2][-]{subsection.7.2}{Implementation}{section.7}% 21
